2024-05-07 09:39:14 [http-nio-8080-exec-3] DEBUG : select user0_.id as id1_1_, user0_.birthday as birthday2_1_, user0_.email as email3_1_, user0_.first_name as first_na4_1_, user0_.last_name as last_nam5_1_, user0_.login as login6_1_, user0_.password as password7_1_, user0_.phone as phone8_1_ from user user0_
2024-05-07 09:39:23 [http-nio-8080-exec-10] DEBUG : select user0_.id as id1_1_, user0_.birthday as birthday2_1_, user0_.email as email3_1_, user0_.first_name as first_na4_1_, user0_.last_name as last_nam5_1_, user0_.login as login6_1_, user0_.password as password7_1_, user0_.phone as phone8_1_ from user user0_
2024-05-07 09:40:43 [http-nio-8080-exec-5] DEBUG : select user0_.id as col_0_0_ from user user0_ where user0_.login=? limit ?
2024-05-07 09:40:43 [http-nio-8080-exec-5] TRACE : binding parameter [1] as [VARCHAR] - [admin]
2024-05-07 09:40:44 [http-nio-8080-exec-5] DEBUG : select user0_.id as id1_1_1_, user0_.birthday as birthday2_1_1_, user0_.email as email3_1_1_, user0_.first_name as first_na4_1_1_, user0_.last_name as last_nam5_1_1_, user0_.login as login6_1_1_, user0_.password as password7_1_1_, user0_.phone as phone8_1_1_, cars1_.id as id1_0_3_, cars1_.id as id1_0_0_, cars1_.color as color2_0_0_, cars1_.license_plate as license_3_0_0_, cars1_.model as model4_0_0_, cars1_.year as year5_0_0_ from user user0_ left outer join car cars1_ on user0_.id=cars1_.id where user0_.id=?
2024-05-07 09:40:44 [http-nio-8080-exec-5] TRACE : binding parameter [1] as [BIGINT] - [1]
2024-05-07 09:40:44 [http-nio-8080-exec-5] DEBUG : insert into user (id, birthday, email, first_name, last_name, login, password, phone) values (null, ?, ?, ?, ?, ?, ?, ?)
2024-05-07 09:40:44 [http-nio-8080-exec-5] TRACE : binding parameter [1] as [VARCHAR] - [22-02-02]
2024-05-07 09:40:44 [http-nio-8080-exec-5] TRACE : binding parameter [2] as [VARCHAR] - [patrick@gmail.com]
2024-05-07 09:40:44 [http-nio-8080-exec-5] TRACE : binding parameter [3] as [VARCHAR] - [patrick]
2024-05-07 09:40:44 [http-nio-8080-exec-5] TRACE : binding parameter [4] as [VARCHAR] - [patrick]
2024-05-07 09:40:44 [http-nio-8080-exec-5] TRACE : binding parameter [5] as [VARCHAR] - [admin]
2024-05-07 09:40:44 [http-nio-8080-exec-5] TRACE : binding parameter [6] as [VARCHAR] - [password]
2024-05-07 09:40:44 [http-nio-8080-exec-5] TRACE : binding parameter [7] as [VARCHAR] - [21321312321]
2024-05-07 09:40:44 [http-nio-8080-exec-5] DEBUG : select car0_.id as id1_0_0_, car0_.color as color2_0_0_, car0_.license_plate as license_3_0_0_, car0_.model as model4_0_0_, car0_.year as year5_0_0_ from car car0_ where car0_.id=?
2024-05-07 09:40:44 [http-nio-8080-exec-5] TRACE : binding parameter [1] as [BIGINT] - [1]
2024-05-07 09:40:44 [http-nio-8080-exec-5] DEBUG : insert into car (id, color, license_plate, model, year) values (null, ?, ?, ?, ?)
2024-05-07 09:40:44 [http-nio-8080-exec-5] TRACE : binding parameter [1] as [VARCHAR] - [vermelha]
2024-05-07 09:40:44 [http-nio-8080-exec-5] TRACE : binding parameter [2] as [VARCHAR] - [sadsadas]
2024-05-07 09:40:44 [http-nio-8080-exec-5] TRACE : binding parameter [3] as [VARCHAR] - [asdasd]
2024-05-07 09:40:44 [http-nio-8080-exec-5] TRACE : binding parameter [4] as [INTEGER] - [2021]
2024-05-07 09:40:44 [http-nio-8080-exec-5] DEBUG : update car set id=? where id=?
2024-05-07 09:40:44 [http-nio-8080-exec-5] TRACE : binding parameter [1] as [BIGINT] - [1]
2024-05-07 09:40:44 [http-nio-8080-exec-5] TRACE : binding parameter [2] as [BIGINT] - [1]
2024-05-07 09:40:52 [http-nio-8080-exec-7] DEBUG : select user0_.id as id1_1_, user0_.birthday as birthday2_1_, user0_.email as email3_1_, user0_.first_name as first_na4_1_, user0_.last_name as last_nam5_1_, user0_.login as login6_1_, user0_.password as password7_1_, user0_.phone as phone8_1_ from user user0_
2024-05-07 09:47:14 [http-nio-8080-exec-9] DEBUG : select user0_.id as id1_1_, user0_.birthday as birthday2_1_, user0_.email as email3_1_, user0_.first_name as first_na4_1_, user0_.last_name as last_nam5_1_, user0_.login as login6_1_, user0_.password as password7_1_, user0_.phone as phone8_1_ from user user0_
2024-05-07 10:29:24 [http-nio-8080-exec-4] DEBUG : select user0_.id as id1_1_, user0_.birthday as birthday2_1_, user0_.email as email3_1_, user0_.first_name as first_na4_1_, user0_.last_name as last_nam5_1_, user0_.login as login6_1_, user0_.password as password7_1_, user0_.phone as phone8_1_ from user user0_
2024-05-07 10:52:25 [Thread-7] INFO  : Shutting down ExecutorService 'applicationTaskExecutor'
2024-05-07 10:52:25 [Thread-7] INFO  : Closing JPA EntityManagerFactory for persistence unit 'default'
2024-05-07 10:52:25 [Thread-7] WARN  : Invocation of destroy method failed on bean with name 'inMemoryDatabaseShutdownExecutor': org.h2.jdbc.JdbcSQLNonTransientConnectionException: Database is already closed (to disable automatic closing at VM shutdown, add ";DB_CLOSE_ON_EXIT=FALSE" to the db URL) [90121-200]
2024-05-07 10:52:25 [Thread-7] INFO  : HikariPool-1 - Shutdown initiated...
2024-05-07 10:52:25 [Thread-7] INFO  : HikariPool-1 - Shutdown completed.
2024-05-07 10:52:26 [restartedMain] INFO  : Fetching config from server at : http://localhost:8888
2024-05-07 10:52:26 [restartedMain] INFO  : Connect Timeout Exception on Url - http://localhost:8888. Will be trying the next url if available
2024-05-07 10:52:26 [restartedMain] WARN  : Could not locate PropertySource: I/O error on GET request for "http://localhost:8888/'api'/default": Connection refused: no further information; nested exception is java.net.ConnectException: Connection refused: no further information
2024-05-07 10:52:26 [restartedMain] INFO  : No active profile set, falling back to default profiles: default
2024-05-07 10:52:27 [restartedMain] INFO  : Bootstrapping Spring Data JPA repositories in DEFAULT mode.
2024-05-07 10:52:27 [restartedMain] INFO  : Finished Spring Data repository scanning in 14 ms. Found 2 JPA repository interfaces.
2024-05-07 10:52:27 [restartedMain] INFO  : BeanFactory id=69215452-caac-3083-afa6-0ac854aeace0
2024-05-07 10:52:27 [restartedMain] INFO  : Tomcat initialized with port(s): 8080 (http)
2024-05-07 10:52:27 [restartedMain] INFO  : Initializing ProtocolHandler ["http-nio-8080"]
2024-05-07 10:52:27 [restartedMain] INFO  : Starting service [Tomcat]
2024-05-07 10:52:27 [restartedMain] INFO  : Starting Servlet engine: [Apache Tomcat/9.0.41]
2024-05-07 10:52:27 [restartedMain] INFO  : Initializing Spring embedded WebApplicationContext
2024-05-07 10:52:27 [restartedMain] INFO  : Root WebApplicationContext: initialization completed in 1337 ms
2024-05-07 10:52:27 [restartedMain] INFO  : HikariPool-2 - Starting...
2024-05-07 10:52:27 [restartedMain] INFO  : HikariPool-2 - Start completed.
2024-05-07 10:52:27 [restartedMain] INFO  : H2 console available at '/h2-console'. Database available at 'jdbc:h2:mem:testdb'
2024-05-07 10:52:27 [restartedMain] INFO  : HHH000204: Processing PersistenceUnitInfo [name: default]
2024-05-07 10:52:27 [restartedMain] INFO  : HHH000400: Using dialect: org.hibernate.dialect.H2Dialect
2024-05-07 10:52:27 [restartedMain] INFO  : Envers integration enabled? : true
2024-05-07 10:52:28 [restartedMain] DEBUG : create table car (id bigint generated by default as identity, color varchar(255), license_plate varchar(255), model varchar(255), year integer not null, primary key (id))
2024-05-07 10:52:28 [restartedMain] DEBUG : create table user (id bigint generated by default as identity, birthday varchar(255), email varchar(255), first_name varchar(255), last_name varchar(255), login varchar(255), password varchar(255), phone varchar(255), primary key (id))
2024-05-07 10:52:28 [restartedMain] DEBUG : alter table car add constraint FKh1of97ngo0p2nw67im1av6npu foreign key (id) references user
2024-05-07 10:52:28 [restartedMain] INFO  : HHH000490: Using JtaPlatform implementation: [org.hibernate.engine.transaction.jta.platform.internal.NoJtaPlatform]
2024-05-07 10:52:28 [restartedMain] INFO  : Initialized JPA EntityManagerFactory for persistence unit 'default'
2024-05-07 10:52:28 [restartedMain] INFO  : LiveReload server is running on port 35729
2024-05-07 10:52:28 [restartedMain] WARN  : spring.jpa.open-in-view is enabled by default. Therefore, database queries may be performed during view rendering. Explicitly configure spring.jpa.open-in-view to disable this warning
2024-05-07 10:52:28 [restartedMain] INFO  : Exposing 2 endpoint(s) beneath base path '/actuator'
2024-05-07 10:52:28 [restartedMain] INFO  : Mapped URL path [/v2/api-docs] onto method [springfox.documentation.swagger2.web.Swagger2Controller#getDocumentation(String, HttpServletRequest)]
2024-05-07 10:52:28 [restartedMain] INFO  : Initializing ExecutorService 'applicationTaskExecutor'
2024-05-07 10:52:28 [restartedMain] INFO  : Starting ProtocolHandler ["http-nio-8080"]
2024-05-07 10:52:28 [restartedMain] INFO  : Tomcat started on port(s): 8080 (http) with context path ''
2024-05-07 10:52:29 [restartedMain] INFO  : Context refreshed
2024-05-07 10:52:29 [restartedMain] INFO  : Found 1 custom documentation plugin(s)
2024-05-07 10:52:29 [restartedMain] INFO  : Scanning for api listing references
2024-05-07 10:52:29 [restartedMain] INFO  : Started UploadFileApplication in 3.226 seconds (JVM running for 68926.504)
2024-05-07 10:52:29 [restartedMain] INFO  : Condition evaluation unchanged
2024-05-07 10:52:30 [Thread-12] INFO  : Shutting down ExecutorService 'applicationTaskExecutor'
2024-05-07 10:52:30 [Thread-12] INFO  : Closing JPA EntityManagerFactory for persistence unit 'default'
2024-05-07 10:52:30 [Thread-12] WARN  : Invocation of destroy method failed on bean with name 'inMemoryDatabaseShutdownExecutor': org.h2.jdbc.JdbcSQLNonTransientConnectionException: Database is already closed (to disable automatic closing at VM shutdown, add ";DB_CLOSE_ON_EXIT=FALSE" to the db URL) [90121-200]
2024-05-07 10:52:30 [Thread-12] INFO  : HikariPool-2 - Shutdown initiated...
2024-05-07 10:52:30 [Thread-12] INFO  : HikariPool-2 - Shutdown completed.
2024-05-07 10:52:30 [restartedMain] INFO  : Fetching config from server at : http://localhost:8888
2024-05-07 10:52:30 [restartedMain] INFO  : Connect Timeout Exception on Url - http://localhost:8888. Will be trying the next url if available
2024-05-07 10:52:30 [restartedMain] WARN  : Could not locate PropertySource: I/O error on GET request for "http://localhost:8888/'api'/default": Connection refused: no further information; nested exception is java.net.ConnectException: Connection refused: no further information
2024-05-07 10:52:30 [restartedMain] INFO  : No active profile set, falling back to default profiles: default
2024-05-07 10:52:31 [restartedMain] INFO  : Bootstrapping Spring Data JPA repositories in DEFAULT mode.
2024-05-07 10:52:31 [restartedMain] INFO  : Finished Spring Data repository scanning in 11 ms. Found 2 JPA repository interfaces.
2024-05-07 10:52:31 [restartedMain] INFO  : BeanFactory id=69215452-caac-3083-afa6-0ac854aeace0
2024-05-07 10:52:31 [restartedMain] INFO  : Tomcat initialized with port(s): 8080 (http)
2024-05-07 10:52:31 [restartedMain] INFO  : Initializing ProtocolHandler ["http-nio-8080"]
2024-05-07 10:52:31 [restartedMain] INFO  : Starting service [Tomcat]
2024-05-07 10:52:31 [restartedMain] INFO  : Starting Servlet engine: [Apache Tomcat/9.0.41]
2024-05-07 10:52:31 [restartedMain] INFO  : Initializing Spring embedded WebApplicationContext
2024-05-07 10:52:31 [restartedMain] INFO  : Root WebApplicationContext: initialization completed in 628 ms
2024-05-07 10:52:31 [restartedMain] INFO  : HikariPool-3 - Starting...
2024-05-07 10:52:31 [restartedMain] INFO  : HikariPool-3 - Start completed.
2024-05-07 10:52:31 [restartedMain] INFO  : H2 console available at '/h2-console'. Database available at 'jdbc:h2:mem:testdb'
2024-05-07 10:52:31 [restartedMain] INFO  : HHH000204: Processing PersistenceUnitInfo [name: default]
2024-05-07 10:52:31 [restartedMain] INFO  : HHH000400: Using dialect: org.hibernate.dialect.H2Dialect
2024-05-07 10:52:31 [restartedMain] INFO  : Envers integration enabled? : true
2024-05-07 10:52:31 [restartedMain] DEBUG : create table car (id bigint generated by default as identity, color varchar(255), license_plate varchar(255), model varchar(255), year integer not null, primary key (id))
2024-05-07 10:52:31 [restartedMain] DEBUG : create table user (id bigint generated by default as identity, birthday varchar(255), email varchar(255), first_name varchar(255), last_name varchar(255), login varchar(255), password varchar(255), phone varchar(255), primary key (id))
2024-05-07 10:52:31 [restartedMain] DEBUG : alter table car add constraint FKh1of97ngo0p2nw67im1av6npu foreign key (id) references user
2024-05-07 10:52:31 [restartedMain] INFO  : HHH000490: Using JtaPlatform implementation: [org.hibernate.engine.transaction.jta.platform.internal.NoJtaPlatform]
2024-05-07 10:52:31 [restartedMain] INFO  : Initialized JPA EntityManagerFactory for persistence unit 'default'
2024-05-07 10:52:31 [restartedMain] INFO  : LiveReload server is running on port 35729
2024-05-07 10:52:32 [restartedMain] WARN  : spring.jpa.open-in-view is enabled by default. Therefore, database queries may be performed during view rendering. Explicitly configure spring.jpa.open-in-view to disable this warning
2024-05-07 10:52:32 [restartedMain] INFO  : Exposing 2 endpoint(s) beneath base path '/actuator'
2024-05-07 10:52:32 [restartedMain] INFO  : Mapped URL path [/v2/api-docs] onto method [springfox.documentation.swagger2.web.Swagger2Controller#getDocumentation(String, HttpServletRequest)]
2024-05-07 10:52:32 [restartedMain] INFO  : Initializing ExecutorService 'applicationTaskExecutor'
2024-05-07 10:52:32 [restartedMain] INFO  : Starting ProtocolHandler ["http-nio-8080"]
2024-05-07 10:52:32 [restartedMain] INFO  : Tomcat started on port(s): 8080 (http) with context path ''
2024-05-07 10:52:32 [restartedMain] INFO  : Context refreshed
2024-05-07 10:52:32 [restartedMain] INFO  : Found 1 custom documentation plugin(s)
2024-05-07 10:52:32 [restartedMain] INFO  : Scanning for api listing references
2024-05-07 10:52:32 [restartedMain] INFO  : Started UploadFileApplication in 2.068 seconds (JVM running for 68929.986)
2024-05-07 10:52:32 [restartedMain] INFO  : Condition evaluation unchanged
2024-05-07 11:05:39 [Thread-20] INFO  : Shutting down ExecutorService 'applicationTaskExecutor'
2024-05-07 11:05:39 [Thread-20] INFO  : Closing JPA EntityManagerFactory for persistence unit 'default'
2024-05-07 11:05:39 [Thread-20] WARN  : Invocation of destroy method failed on bean with name 'inMemoryDatabaseShutdownExecutor': org.h2.jdbc.JdbcSQLNonTransientConnectionException: Database is already closed (to disable automatic closing at VM shutdown, add ";DB_CLOSE_ON_EXIT=FALSE" to the db URL) [90121-200]
2024-05-07 11:05:39 [Thread-20] INFO  : HikariPool-3 - Shutdown initiated...
2024-05-07 11:05:39 [Thread-20] INFO  : HikariPool-3 - Shutdown completed.
2024-05-07 11:05:40 [restartedMain] INFO  : Fetching config from server at : http://localhost:8888
2024-05-07 11:05:40 [restartedMain] INFO  : Connect Timeout Exception on Url - http://localhost:8888. Will be trying the next url if available
2024-05-07 11:05:40 [restartedMain] WARN  : Could not locate PropertySource: I/O error on GET request for "http://localhost:8888/'api'/default": Connection refused: no further information; nested exception is java.net.ConnectException: Connection refused: no further information
2024-05-07 11:05:40 [restartedMain] INFO  : No active profile set, falling back to default profiles: default
2024-05-07 11:05:41 [restartedMain] INFO  : Bootstrapping Spring Data JPA repositories in DEFAULT mode.
2024-05-07 11:05:41 [restartedMain] INFO  : Finished Spring Data repository scanning in 12 ms. Found 2 JPA repository interfaces.
2024-05-07 11:05:41 [restartedMain] INFO  : BeanFactory id=00b95b0a-1108-3cbc-9c05-5b2ce01d797f
2024-05-07 11:05:41 [restartedMain] INFO  : Tomcat initialized with port(s): 8080 (http)
2024-05-07 11:05:41 [restartedMain] INFO  : Initializing ProtocolHandler ["http-nio-8080"]
2024-05-07 11:05:41 [restartedMain] INFO  : Starting service [Tomcat]
2024-05-07 11:05:41 [restartedMain] INFO  : Starting Servlet engine: [Apache Tomcat/9.0.41]
2024-05-07 11:05:41 [restartedMain] INFO  : Initializing Spring embedded WebApplicationContext
2024-05-07 11:05:41 [restartedMain] INFO  : Root WebApplicationContext: initialization completed in 1447 ms
2024-05-07 11:05:42 [restartedMain] INFO  : HikariPool-4 - Starting...
2024-05-07 11:05:42 [restartedMain] INFO  : HikariPool-4 - Start completed.
2024-05-07 11:05:42 [restartedMain] INFO  : H2 console available at '/h2-console'. Database available at 'jdbc:h2:mem:testdb'
2024-05-07 11:05:42 [restartedMain] INFO  : HHH000204: Processing PersistenceUnitInfo [name: default]
2024-05-07 11:05:42 [restartedMain] INFO  : HHH000400: Using dialect: org.hibernate.dialect.H2Dialect
2024-05-07 11:05:42 [restartedMain] INFO  : Envers integration enabled? : true
2024-05-07 11:05:42 [restartedMain] DEBUG : create table car (id bigint generated by default as identity, color varchar(255), license_plate varchar(255), model varchar(255), year integer not null, primary key (id))
2024-05-07 11:05:42 [restartedMain] DEBUG : create table user (id bigint generated by default as identity, birthday varchar(255), email varchar(255), first_name varchar(255), last_name varchar(255), login varchar(255), password varchar(255), phone varchar(255), primary key (id))
2024-05-07 11:05:42 [restartedMain] DEBUG : alter table car add constraint FKh1of97ngo0p2nw67im1av6npu foreign key (id) references user
2024-05-07 11:05:42 [restartedMain] INFO  : HHH000490: Using JtaPlatform implementation: [org.hibernate.engine.transaction.jta.platform.internal.NoJtaPlatform]
2024-05-07 11:05:42 [restartedMain] INFO  : Initialized JPA EntityManagerFactory for persistence unit 'default'
2024-05-07 11:05:42 [restartedMain] INFO  : LiveReload server is running on port 35729
2024-05-07 11:05:42 [restartedMain] WARN  : Exception encountered during context initialization - cancelling refresh attempt: org.springframework.beans.factory.UnsatisfiedDependencyException: Error creating bean with name 'authController': Unsatisfied dependency expressed through field 'userService'; nested exception is org.springframework.beans.factory.NoSuchBeanDefinitionException: No qualifying bean of type 'br.com.api.service.UserServiceImpl' available: expected at least 1 bean which qualifies as autowire candidate. Dependency annotations: {@org.springframework.beans.factory.annotation.Autowired(required=true)}
2024-05-07 11:05:42 [restartedMain] INFO  : Closing JPA EntityManagerFactory for persistence unit 'default'
2024-05-07 11:05:42 [restartedMain] WARN  : Invocation of destroy method failed on bean with name 'inMemoryDatabaseShutdownExecutor': org.h2.jdbc.JdbcSQLNonTransientConnectionException: Database is already closed (to disable automatic closing at VM shutdown, add ";DB_CLOSE_ON_EXIT=FALSE" to the db URL) [90121-200]
2024-05-07 11:05:42 [restartedMain] INFO  : HikariPool-4 - Shutdown initiated...
2024-05-07 11:05:42 [restartedMain] INFO  : HikariPool-4 - Shutdown completed.
2024-05-07 11:05:42 [restartedMain] INFO  : Stopping service [Tomcat]
2024-05-07 11:05:42 [restartedMain] INFO  : 

Error starting ApplicationContext. To display the conditions report re-run your application with 'debug' enabled.
2024-05-07 11:05:42 [restartedMain] ERROR : 

***************************
APPLICATION FAILED TO START
***************************

Description:

Field userService in br.com.api.controller.AuthController required a bean of type 'br.com.api.service.UserServiceImpl' that could not be found.

The injection point has the following annotations:
	- @org.springframework.beans.factory.annotation.Autowired(required=true)


Action:

Consider defining a bean of type 'br.com.api.service.UserServiceImpl' in your configuration.

2024-05-07 11:05:44 [restartedMain] INFO  : Fetching config from server at : http://localhost:8888
2024-05-07 11:05:44 [restartedMain] INFO  : Connect Timeout Exception on Url - http://localhost:8888. Will be trying the next url if available
2024-05-07 11:05:44 [restartedMain] WARN  : Could not locate PropertySource: I/O error on GET request for "http://localhost:8888/'api'/default": Connection refused: no further information; nested exception is java.net.ConnectException: Connection refused: no further information
2024-05-07 11:05:44 [restartedMain] INFO  : No active profile set, falling back to default profiles: default
2024-05-07 11:05:44 [restartedMain] INFO  : Bootstrapping Spring Data JPA repositories in DEFAULT mode.
2024-05-07 11:05:44 [restartedMain] INFO  : Finished Spring Data repository scanning in 13 ms. Found 2 JPA repository interfaces.
2024-05-07 11:05:44 [restartedMain] INFO  : BeanFactory id=69215452-caac-3083-afa6-0ac854aeace0
2024-05-07 11:05:44 [restartedMain] INFO  : Tomcat initialized with port(s): 8080 (http)
2024-05-07 11:05:44 [restartedMain] INFO  : Initializing ProtocolHandler ["http-nio-8080"]
2024-05-07 11:05:44 [restartedMain] INFO  : Starting service [Tomcat]
2024-05-07 11:05:44 [restartedMain] INFO  : Starting Servlet engine: [Apache Tomcat/9.0.41]
2024-05-07 11:05:44 [restartedMain] INFO  : Initializing Spring embedded WebApplicationContext
2024-05-07 11:05:44 [restartedMain] INFO  : Root WebApplicationContext: initialization completed in 657 ms
2024-05-07 11:05:44 [restartedMain] INFO  : HikariPool-5 - Starting...
2024-05-07 11:05:44 [restartedMain] INFO  : HikariPool-5 - Start completed.
2024-05-07 11:05:44 [restartedMain] INFO  : H2 console available at '/h2-console'. Database available at 'jdbc:h2:mem:testdb'
2024-05-07 11:05:44 [restartedMain] INFO  : HHH000204: Processing PersistenceUnitInfo [name: default]
2024-05-07 11:05:44 [restartedMain] INFO  : HHH000400: Using dialect: org.hibernate.dialect.H2Dialect
2024-05-07 11:05:45 [restartedMain] INFO  : Envers integration enabled? : true
2024-05-07 11:05:45 [restartedMain] DEBUG : create table car (id bigint generated by default as identity, color varchar(255), license_plate varchar(255), model varchar(255), year integer not null, primary key (id))
2024-05-07 11:05:45 [restartedMain] DEBUG : create table user (id bigint generated by default as identity, birthday varchar(255), email varchar(255), first_name varchar(255), last_name varchar(255), login varchar(255), password varchar(255), phone varchar(255), primary key (id))
2024-05-07 11:05:45 [restartedMain] DEBUG : alter table car add constraint FKh1of97ngo0p2nw67im1av6npu foreign key (id) references user
2024-05-07 11:05:45 [restartedMain] INFO  : HHH000490: Using JtaPlatform implementation: [org.hibernate.engine.transaction.jta.platform.internal.NoJtaPlatform]
2024-05-07 11:05:45 [restartedMain] INFO  : Initialized JPA EntityManagerFactory for persistence unit 'default'
2024-05-07 11:05:45 [restartedMain] INFO  : LiveReload server is running on port 35729
2024-05-07 11:05:45 [restartedMain] WARN  : spring.jpa.open-in-view is enabled by default. Therefore, database queries may be performed during view rendering. Explicitly configure spring.jpa.open-in-view to disable this warning
2024-05-07 11:05:45 [restartedMain] INFO  : Exposing 2 endpoint(s) beneath base path '/actuator'
2024-05-07 11:05:45 [restartedMain] INFO  : Mapped URL path [/v2/api-docs] onto method [springfox.documentation.swagger2.web.Swagger2Controller#getDocumentation(String, HttpServletRequest)]
2024-05-07 11:05:45 [restartedMain] INFO  : Initializing ExecutorService 'applicationTaskExecutor'
2024-05-07 11:05:45 [restartedMain] INFO  : Starting ProtocolHandler ["http-nio-8080"]
2024-05-07 11:05:45 [restartedMain] INFO  : Tomcat started on port(s): 8080 (http) with context path ''
2024-05-07 11:05:45 [restartedMain] INFO  : Context refreshed
2024-05-07 11:05:45 [restartedMain] INFO  : Found 1 custom documentation plugin(s)
2024-05-07 11:05:45 [restartedMain] INFO  : Scanning for api listing references
2024-05-07 11:05:46 [restartedMain] INFO  : Started UploadFileApplication in 2.083 seconds (JVM running for 69723.266)
2024-05-07 11:05:46 [restartedMain] INFO  : Condition evaluation unchanged
2024-05-07 11:14:38 [main] INFO  : Fetching config from server at : http://localhost:8888
2024-05-07 11:14:38 [main] INFO  : Connect Timeout Exception on Url - http://localhost:8888. Will be trying the next url if available
2024-05-07 11:14:38 [main] WARN  : Could not locate PropertySource: I/O error on GET request for "http://localhost:8888/'api'/default": Connection refused: no further information; nested exception is java.net.ConnectException: Connection refused: no further information
2024-05-07 11:14:38 [main] WARN  : 

Found multiple occurrences of org.json.JSONObject on the class path:

	jar:file:/C:/Users/PatrickGa/.m2/repository/org/json/json/20211205/json-20211205.jar!/org/json/JSONObject.class
	jar:file:/C:/Users/PatrickGa/.m2/repository/com/vaadin/external/google/android-json/0.0.20131108.vaadin1/android-json-0.0.20131108.vaadin1.jar!/org/json/JSONObject.class

You may wish to exclude one of them to ensure predictable runtime behavior

2024-05-07 11:14:38 [main] INFO  : No active profile set, falling back to default profiles: default
2024-05-07 11:14:39 [main] INFO  : Bootstrapping Spring Data JPA repositories in DEFAULT mode.
2024-05-07 11:14:40 [main] INFO  : Finished Spring Data repository scanning in 178 ms. Found 2 JPA repository interfaces.
2024-05-07 11:14:40 [main] INFO  : BeanFactory id=2e6d2a22-9561-3350-bd7c-de1eb8c952cc
2024-05-07 11:14:40 [main] INFO  : HHH000204: Processing PersistenceUnitInfo [name: default]
2024-05-07 11:14:40 [main] INFO  : HHH000412: Hibernate ORM core version 5.4.27.Final
2024-05-07 11:14:41 [main] INFO  : HCANN000001: Hibernate Commons Annotations {5.1.2.Final}
2024-05-07 11:14:41 [main] INFO  : HikariPool-1 - Starting...
2024-05-07 11:14:41 [main] INFO  : HikariPool-1 - Start completed.
2024-05-07 11:14:41 [main] INFO  : HHH000400: Using dialect: org.hibernate.dialect.H2Dialect
2024-05-07 11:14:41 [main] INFO  : Envers integration enabled? : true
2024-05-07 11:14:42 [main] DEBUG : create table car (id bigint generated by default as identity, color varchar(255), license_plate varchar(255), model varchar(255), year integer not null, primary key (id))
2024-05-07 11:14:42 [main] DEBUG : create table user (id bigint generated by default as identity, birthday varchar(255), email varchar(255), first_name varchar(255), last_name varchar(255), login varchar(255), password varchar(255), phone varchar(255), primary key (id))
2024-05-07 11:14:42 [main] DEBUG : alter table car add constraint FKh1of97ngo0p2nw67im1av6npu foreign key (id) references user
2024-05-07 11:14:42 [main] INFO  : HHH000490: Using JtaPlatform implementation: [org.hibernate.engine.transaction.jta.platform.internal.NoJtaPlatform]
2024-05-07 11:14:42 [main] INFO  : Initialized JPA EntityManagerFactory for persistence unit 'default'
2024-05-07 11:14:43 [main] WARN  : spring.jpa.open-in-view is enabled by default. Therefore, database queries may be performed during view rendering. Explicitly configure spring.jpa.open-in-view to disable this warning
2024-05-07 11:14:43 [main] INFO  : H2 console available at '/h2-console'. Database available at 'jdbc:h2:mem:testdb'
2024-05-07 11:14:44 [main] INFO  : Exposing 2 endpoint(s) beneath base path '/actuator'
2024-05-07 11:14:44 [main] INFO  : Mapped URL path [/v2/api-docs] onto method [springfox.documentation.swagger2.web.Swagger2Controller#getDocumentation(String, HttpServletRequest)]
2024-05-07 11:14:44 [main] INFO  : Initializing ExecutorService 'applicationTaskExecutor'
2024-05-07 11:14:45 [main] INFO  : Context refreshed
2024-05-07 11:14:45 [main] INFO  : Found 1 custom documentation plugin(s)
2024-05-07 11:14:45 [main] INFO  : Scanning for api listing references
2024-05-07 11:14:45 [main] INFO  : Started UserServiceTest in 7.283 seconds (JVM running for 8.304)
2024-05-07 11:14:45 [SpringContextShutdownHook] INFO  : Shutting down ExecutorService 'applicationTaskExecutor'
2024-05-07 11:14:45 [SpringContextShutdownHook] INFO  : Closing JPA EntityManagerFactory for persistence unit 'default'
2024-05-07 11:14:45 [SpringContextShutdownHook] INFO  : HikariPool-1 - Shutdown initiated...
2024-05-07 11:14:45 [SpringContextShutdownHook] INFO  : HikariPool-1 - Shutdown completed.
2024-05-07 11:20:17 [SpringContextShutdownHook] INFO  : Shutting down ExecutorService 'applicationTaskExecutor'
2024-05-07 11:20:17 [SpringContextShutdownHook] INFO  : Closing JPA EntityManagerFactory for persistence unit 'default'
2024-05-07 11:20:18 [SpringContextShutdownHook] WARN  : Invocation of destroy method failed on bean with name 'inMemoryDatabaseShutdownExecutor': org.h2.jdbc.JdbcSQLNonTransientConnectionException: Database is already closed (to disable automatic closing at VM shutdown, add ";DB_CLOSE_ON_EXIT=FALSE" to the db URL) [90121-200]
2024-05-07 11:20:18 [SpringContextShutdownHook] INFO  : HikariPool-5 - Shutdown initiated...
2024-05-07 11:20:18 [SpringContextShutdownHook] INFO  : HikariPool-5 - Shutdown completed.
2024-05-07 11:20:41 [restartedMain] INFO  : Devtools property defaults active! Set 'spring.devtools.add-properties' to 'false' to disable
2024-05-07 11:20:42 [restartedMain] INFO  : Fetching config from server at : http://localhost:8888
2024-05-07 11:20:42 [restartedMain] INFO  : Connect Timeout Exception on Url - http://localhost:8888. Will be trying the next url if available
2024-05-07 11:20:42 [restartedMain] WARN  : Could not locate PropertySource: I/O error on GET request for "http://localhost:8888/'api'/default": Connection refused: no further information; nested exception is java.net.ConnectException: Connection refused: no further information
2024-05-07 11:20:42 [restartedMain] INFO  : No active profile set, falling back to default profiles: default
2024-05-07 11:20:43 [restartedMain] INFO  : Bootstrapping Spring Data JPA repositories in DEFAULT mode.
2024-05-07 11:20:43 [restartedMain] INFO  : Finished Spring Data repository scanning in 114 ms. Found 2 JPA repository interfaces.
2024-05-07 11:20:43 [restartedMain] INFO  : BeanFactory id=a17a311f-99df-36f2-8a6c-5ff82303149b
2024-05-07 11:20:44 [restartedMain] INFO  : Tomcat initialized with port(s): 8080 (http)
2024-05-07 11:20:44 [restartedMain] INFO  : Initializing ProtocolHandler ["http-nio-8080"]
2024-05-07 11:20:44 [restartedMain] INFO  : Starting service [Tomcat]
2024-05-07 11:20:44 [restartedMain] INFO  : Starting Servlet engine: [Apache Tomcat/9.0.41]
2024-05-07 11:20:44 [restartedMain] INFO  : Initializing Spring embedded WebApplicationContext
2024-05-07 11:20:44 [restartedMain] INFO  : Root WebApplicationContext: initialization completed in 2153 ms
2024-05-07 11:20:44 [restartedMain] INFO  : HikariPool-1 - Starting...
2024-05-07 11:20:44 [restartedMain] INFO  : HikariPool-1 - Start completed.
2024-05-07 11:20:44 [restartedMain] INFO  : H2 console available at '/h2-console'. Database available at 'jdbc:h2:mem:testdb'
2024-05-07 11:20:45 [restartedMain] INFO  : HHH000204: Processing PersistenceUnitInfo [name: default]
2024-05-07 11:20:45 [restartedMain] INFO  : HHH000412: Hibernate ORM core version 5.4.27.Final
2024-05-07 11:20:45 [restartedMain] INFO  : HCANN000001: Hibernate Commons Annotations {5.1.2.Final}
2024-05-07 11:20:45 [restartedMain] INFO  : HHH000400: Using dialect: org.hibernate.dialect.H2Dialect
2024-05-07 11:20:45 [restartedMain] INFO  : Envers integration enabled? : true
2024-05-07 11:20:46 [restartedMain] DEBUG : create table car (id bigint generated by default as identity, color varchar(255), license_plate varchar(255), model varchar(255), year integer not null, primary key (id))
2024-05-07 11:20:46 [restartedMain] DEBUG : create table user (id bigint generated by default as identity, birthday varchar(255), email varchar(255), first_name varchar(255), last_name varchar(255), login varchar(255), password varchar(255), phone varchar(255), primary key (id))
2024-05-07 11:20:46 [restartedMain] DEBUG : alter table car add constraint FKh1of97ngo0p2nw67im1av6npu foreign key (id) references user
2024-05-07 11:20:46 [restartedMain] INFO  : HHH000490: Using JtaPlatform implementation: [org.hibernate.engine.transaction.jta.platform.internal.NoJtaPlatform]
2024-05-07 11:20:46 [restartedMain] INFO  : Initialized JPA EntityManagerFactory for persistence unit 'default'
2024-05-07 11:20:46 [restartedMain] INFO  : LiveReload server is running on port 35729
2024-05-07 11:20:46 [restartedMain] WARN  : spring.jpa.open-in-view is enabled by default. Therefore, database queries may be performed during view rendering. Explicitly configure spring.jpa.open-in-view to disable this warning
2024-05-07 11:20:46 [restartedMain] INFO  : Exposing 2 endpoint(s) beneath base path '/actuator'
2024-05-07 11:20:47 [restartedMain] INFO  : Mapped URL path [/v2/api-docs] onto method [springfox.documentation.swagger2.web.Swagger2Controller#getDocumentation(String, HttpServletRequest)]
2024-05-07 11:20:47 [restartedMain] INFO  : Initializing ExecutorService 'applicationTaskExecutor'
2024-05-07 11:20:47 [restartedMain] INFO  : Starting ProtocolHandler ["http-nio-8080"]
2024-05-07 11:20:47 [restartedMain] INFO  : Tomcat started on port(s): 8080 (http) with context path ''
2024-05-07 11:20:47 [restartedMain] INFO  : Context refreshed
2024-05-07 11:20:47 [restartedMain] INFO  : Found 1 custom documentation plugin(s)
2024-05-07 11:20:47 [restartedMain] INFO  : Scanning for api listing references
2024-05-07 11:20:47 [restartedMain] INFO  : Started UploadFileApplication in 6.619 seconds (JVM running for 7.261)
2024-05-07 11:20:48 [RMI TCP Connection(2)-192.168.1.10] INFO  : Initializing Spring DispatcherServlet 'dispatcherServlet'
2024-05-07 11:20:48 [RMI TCP Connection(2)-192.168.1.10] INFO  : Initializing Servlet 'dispatcherServlet'
2024-05-07 11:20:48 [RMI TCP Connection(2)-192.168.1.10] INFO  : Completed initialization in 1 ms
2024-05-07 11:28:25 [SpringContextShutdownHook] INFO  : Shutting down ExecutorService 'applicationTaskExecutor'
2024-05-07 11:28:25 [SpringContextShutdownHook] INFO  : Closing JPA EntityManagerFactory for persistence unit 'default'
2024-05-07 11:28:26 [SpringContextShutdownHook] WARN  : Invocation of destroy method failed on bean with name 'inMemoryDatabaseShutdownExecutor': org.h2.jdbc.JdbcSQLNonTransientConnectionException: Database is already closed (to disable automatic closing at VM shutdown, add ";DB_CLOSE_ON_EXIT=FALSE" to the db URL) [90121-200]
2024-05-07 11:28:26 [SpringContextShutdownHook] INFO  : HikariPool-1 - Shutdown initiated...
2024-05-07 11:28:26 [SpringContextShutdownHook] INFO  : HikariPool-1 - Shutdown completed.
2024-05-07 13:20:30 [restartedMain] INFO  : Devtools property defaults active! Set 'spring.devtools.add-properties' to 'false' to disable
2024-05-07 13:20:31 [restartedMain] INFO  : Fetching config from server at : http://localhost:8888
2024-05-07 13:20:31 [restartedMain] INFO  : Connect Timeout Exception on Url - http://localhost:8888. Will be trying the next url if available
2024-05-07 13:20:31 [restartedMain] WARN  : Could not locate PropertySource: I/O error on GET request for "http://localhost:8888/'api'/default": Connection refused: no further information; nested exception is java.net.ConnectException: Connection refused: no further information
2024-05-07 13:20:31 [restartedMain] INFO  : No active profile set, falling back to default profiles: default
2024-05-07 13:20:32 [restartedMain] INFO  : Bootstrapping Spring Data JPA repositories in DEFAULT mode.
2024-05-07 13:20:32 [restartedMain] INFO  : Finished Spring Data repository scanning in 185 ms. Found 2 JPA repository interfaces.
2024-05-07 13:20:32 [restartedMain] INFO  : BeanFactory id=72f450b6-d8b2-3a99-872f-a172ca00d3f1
2024-05-07 13:20:33 [restartedMain] INFO  : Tomcat initialized with port(s): 8080 (http)
2024-05-07 13:20:33 [restartedMain] INFO  : Initializing ProtocolHandler ["http-nio-8080"]
2024-05-07 13:20:33 [restartedMain] INFO  : Starting service [Tomcat]
2024-05-07 13:20:33 [restartedMain] INFO  : Starting Servlet engine: [Apache Tomcat/9.0.41]
2024-05-07 13:20:33 [restartedMain] INFO  : Initializing Spring embedded WebApplicationContext
2024-05-07 13:20:33 [restartedMain] INFO  : Root WebApplicationContext: initialization completed in 2492 ms
2024-05-07 13:20:33 [restartedMain] INFO  : HikariPool-1 - Starting...
2024-05-07 13:20:34 [restartedMain] INFO  : HikariPool-1 - Start completed.
2024-05-07 13:20:34 [restartedMain] INFO  : H2 console available at '/h2-console'. Database available at 'jdbc:h2:mem:testdb'
2024-05-07 13:20:34 [restartedMain] INFO  : HHH000204: Processing PersistenceUnitInfo [name: default]
2024-05-07 13:20:34 [restartedMain] INFO  : HHH000412: Hibernate ORM core version 5.4.27.Final
2024-05-07 13:20:34 [restartedMain] INFO  : HCANN000001: Hibernate Commons Annotations {5.1.2.Final}
2024-05-07 13:20:34 [restartedMain] INFO  : HHH000400: Using dialect: org.hibernate.dialect.H2Dialect
2024-05-07 13:20:34 [restartedMain] INFO  : Envers integration enabled? : true
2024-05-07 13:20:36 [restartedMain] DEBUG : create table car (id bigint generated by default as identity, color varchar(255), license_plate varchar(255), model varchar(255), year integer not null, primary key (id))
2024-05-07 13:20:36 [restartedMain] DEBUG : create table user (id bigint generated by default as identity, birthday varchar(255), email varchar(255), first_name varchar(255), last_name varchar(255), login varchar(255), password varchar(255), phone varchar(255), primary key (id))
2024-05-07 13:20:36 [restartedMain] DEBUG : alter table car add constraint FKh1of97ngo0p2nw67im1av6npu foreign key (id) references user
2024-05-07 13:20:36 [restartedMain] INFO  : HHH000490: Using JtaPlatform implementation: [org.hibernate.engine.transaction.jta.platform.internal.NoJtaPlatform]
2024-05-07 13:20:36 [restartedMain] INFO  : Initialized JPA EntityManagerFactory for persistence unit 'default'
2024-05-07 13:20:36 [restartedMain] INFO  : LiveReload server is running on port 35729
2024-05-07 13:20:37 [restartedMain] WARN  : Exception encountered during context initialization - cancelling refresh attempt: org.springframework.beans.factory.UnsatisfiedDependencyException: Error creating bean with name 'documentationPluginsBootstrapper' defined in URL [jar:file:/C:/Users/PatrickGa/.m2/repository/io/springfox/springfox-spring-web/2.9.2/springfox-spring-web-2.9.2.jar!/springfox/documentation/spring/web/plugins/DocumentationPluginsBootstrapper.class]: Unsatisfied dependency expressed through constructor parameter 1; nested exception is org.springframework.beans.factory.UnsatisfiedDependencyException: Error creating bean with name 'webMvcRequestHandlerProvider' defined in URL [jar:file:/C:/Users/PatrickGa/.m2/repository/io/springfox/springfox-spring-web/2.9.2/springfox-spring-web-2.9.2.jar!/springfox/documentation/spring/web/plugins/WebMvcRequestHandlerProvider.class]: Unsatisfied dependency expressed through constructor parameter 1; nested exception is org.springframework.beans.factory.UnsatisfiedDependencyException: Error creating bean with name 'org.springframework.boot.autoconfigure.web.servlet.WebMvcAutoConfiguration$EnableWebMvcConfiguration': Unsatisfied dependency expressed through method 'setConfigurers' parameter 0; nested exception is org.springframework.beans.factory.BeanCreationException: Error creating bean with name 'corsConfigurer' defined in br.com.api.ApiApplication: Bean instantiation via factory method failed; nested exception is org.springframework.beans.BeanInstantiationException: Failed to instantiate [org.springframework.web.servlet.config.annotation.WebMvcConfigurer]: Factory method 'corsConfigurer' threw exception; nested exception is java.lang.NoClassDefFoundError: br/com/api/ApiApplication$1
2024-05-07 13:20:37 [restartedMain] INFO  : Closing JPA EntityManagerFactory for persistence unit 'default'
2024-05-07 13:20:38 [restartedMain] WARN  : Invocation of destroy method failed on bean with name 'inMemoryDatabaseShutdownExecutor': org.h2.jdbc.JdbcSQLNonTransientConnectionException: Database is already closed (to disable automatic closing at VM shutdown, add ";DB_CLOSE_ON_EXIT=FALSE" to the db URL) [90121-200]
2024-05-07 13:20:38 [restartedMain] INFO  : HikariPool-1 - Shutdown initiated...
2024-05-07 13:20:38 [restartedMain] INFO  : HikariPool-1 - Shutdown completed.
2024-05-07 13:20:38 [restartedMain] INFO  : Stopping service [Tomcat]
2024-05-07 13:20:38 [restartedMain] INFO  : 

Error starting ApplicationContext. To display the conditions report re-run your application with 'debug' enabled.
2024-05-07 13:20:38 [restartedMain] ERROR : Application run failed
org.springframework.beans.factory.UnsatisfiedDependencyException: Error creating bean with name 'documentationPluginsBootstrapper' defined in URL [jar:file:/C:/Users/PatrickGa/.m2/repository/io/springfox/springfox-spring-web/2.9.2/springfox-spring-web-2.9.2.jar!/springfox/documentation/spring/web/plugins/DocumentationPluginsBootstrapper.class]: Unsatisfied dependency expressed through constructor parameter 1; nested exception is org.springframework.beans.factory.UnsatisfiedDependencyException: Error creating bean with name 'webMvcRequestHandlerProvider' defined in URL [jar:file:/C:/Users/PatrickGa/.m2/repository/io/springfox/springfox-spring-web/2.9.2/springfox-spring-web-2.9.2.jar!/springfox/documentation/spring/web/plugins/WebMvcRequestHandlerProvider.class]: Unsatisfied dependency expressed through constructor parameter 1; nested exception is org.springframework.beans.factory.UnsatisfiedDependencyException: Error creating bean with name 'org.springframework.boot.autoconfigure.web.servlet.WebMvcAutoConfiguration$EnableWebMvcConfiguration': Unsatisfied dependency expressed through method 'setConfigurers' parameter 0; nested exception is org.springframework.beans.factory.BeanCreationException: Error creating bean with name 'corsConfigurer' defined in br.com.api.ApiApplication: Bean instantiation via factory method failed; nested exception is org.springframework.beans.BeanInstantiationException: Failed to instantiate [org.springframework.web.servlet.config.annotation.WebMvcConfigurer]: Factory method 'corsConfigurer' threw exception; nested exception is java.lang.NoClassDefFoundError: br/com/api/ApiApplication$1
	at org.springframework.beans.factory.support.ConstructorResolver.createArgumentArray(ConstructorResolver.java:800)
	at org.springframework.beans.factory.support.ConstructorResolver.autowireConstructor(ConstructorResolver.java:229)
	at org.springframework.beans.factory.support.AbstractAutowireCapableBeanFactory.autowireConstructor(AbstractAutowireCapableBeanFactory.java:1356)
	at org.springframework.beans.factory.support.AbstractAutowireCapableBeanFactory.createBeanInstance(AbstractAutowireCapableBeanFactory.java:1206)
	at org.springframework.beans.factory.support.AbstractAutowireCapableBeanFactory.doCreateBean(AbstractAutowireCapableBeanFactory.java:571)
	at org.springframework.beans.factory.support.AbstractAutowireCapableBeanFactory.createBean(AbstractAutowireCapableBeanFactory.java:531)
	at org.springframework.beans.factory.support.AbstractBeanFactory.lambda$doGetBean$0(AbstractBeanFactory.java:335)
	at org.springframework.beans.factory.support.DefaultSingletonBeanRegistry.getSingleton(DefaultSingletonBeanRegistry.java:234)
	at org.springframework.beans.factory.support.AbstractBeanFactory.doGetBean(AbstractBeanFactory.java:333)
	at org.springframework.beans.factory.support.AbstractBeanFactory.getBean(AbstractBeanFactory.java:208)
	at org.springframework.beans.factory.support.DefaultListableBeanFactory.preInstantiateSingletons(DefaultListableBeanFactory.java:944)
	at org.springframework.context.support.AbstractApplicationContext.finishBeanFactoryInitialization(AbstractApplicationContext.java:923)
	at org.springframework.context.support.AbstractApplicationContext.refresh(AbstractApplicationContext.java:588)
	at org.springframework.boot.web.servlet.context.ServletWebServerApplicationContext.refresh(ServletWebServerApplicationContext.java:144)
	at org.springframework.boot.SpringApplication.refresh(SpringApplication.java:767)
	at org.springframework.boot.SpringApplication.refresh(SpringApplication.java:759)
	at org.springframework.boot.SpringApplication.refreshContext(SpringApplication.java:426)
	at org.springframework.boot.SpringApplication.run(SpringApplication.java:326)
	at org.springframework.boot.SpringApplication.run(SpringApplication.java:1311)
	at org.springframework.boot.SpringApplication.run(SpringApplication.java:1300)
	at br.com.api.ApiApplication.main(ApiApplication.java:50)
	at java.base/jdk.internal.reflect.NativeMethodAccessorImpl.invoke0(Native Method)
	at java.base/jdk.internal.reflect.NativeMethodAccessorImpl.invoke(NativeMethodAccessorImpl.java:77)
	at java.base/jdk.internal.reflect.DelegatingMethodAccessorImpl.invoke(DelegatingMethodAccessorImpl.java:43)
	at java.base/java.lang.reflect.Method.invoke(Method.java:568)
	at org.springframework.boot.devtools.restart.RestartLauncher.run(RestartLauncher.java:49)
Caused by: org.springframework.beans.factory.UnsatisfiedDependencyException: Error creating bean with name 'webMvcRequestHandlerProvider' defined in URL [jar:file:/C:/Users/PatrickGa/.m2/repository/io/springfox/springfox-spring-web/2.9.2/springfox-spring-web-2.9.2.jar!/springfox/documentation/spring/web/plugins/WebMvcRequestHandlerProvider.class]: Unsatisfied dependency expressed through constructor parameter 1; nested exception is org.springframework.beans.factory.UnsatisfiedDependencyException: Error creating bean with name 'org.springframework.boot.autoconfigure.web.servlet.WebMvcAutoConfiguration$EnableWebMvcConfiguration': Unsatisfied dependency expressed through method 'setConfigurers' parameter 0; nested exception is org.springframework.beans.factory.BeanCreationException: Error creating bean with name 'corsConfigurer' defined in br.com.api.ApiApplication: Bean instantiation via factory method failed; nested exception is org.springframework.beans.BeanInstantiationException: Failed to instantiate [org.springframework.web.servlet.config.annotation.WebMvcConfigurer]: Factory method 'corsConfigurer' threw exception; nested exception is java.lang.NoClassDefFoundError: br/com/api/ApiApplication$1
	at org.springframework.beans.factory.support.ConstructorResolver.createArgumentArray(ConstructorResolver.java:800)
	at org.springframework.beans.factory.support.ConstructorResolver.autowireConstructor(ConstructorResolver.java:229)
	at org.springframework.beans.factory.support.AbstractAutowireCapableBeanFactory.autowireConstructor(AbstractAutowireCapableBeanFactory.java:1356)
	at org.springframework.beans.factory.support.AbstractAutowireCapableBeanFactory.createBeanInstance(AbstractAutowireCapableBeanFactory.java:1206)
	at org.springframework.beans.factory.support.AbstractAutowireCapableBeanFactory.doCreateBean(AbstractAutowireCapableBeanFactory.java:571)
	at org.springframework.beans.factory.support.AbstractAutowireCapableBeanFactory.createBean(AbstractAutowireCapableBeanFactory.java:531)
	at org.springframework.beans.factory.support.AbstractBeanFactory.lambda$doGetBean$0(AbstractBeanFactory.java:335)
	at org.springframework.beans.factory.support.DefaultSingletonBeanRegistry.getSingleton(DefaultSingletonBeanRegistry.java:234)
	at org.springframework.beans.factory.support.AbstractBeanFactory.doGetBean(AbstractBeanFactory.java:333)
	at org.springframework.beans.factory.support.AbstractBeanFactory.getBean(AbstractBeanFactory.java:208)
	at org.springframework.beans.factory.config.DependencyDescriptor.resolveCandidate(DependencyDescriptor.java:276)
	at org.springframework.beans.factory.support.DefaultListableBeanFactory.addCandidateEntry(DefaultListableBeanFactory.java:1598)
	at org.springframework.beans.factory.support.DefaultListableBeanFactory.findAutowireCandidates(DefaultListableBeanFactory.java:1562)
	at org.springframework.beans.factory.support.DefaultListableBeanFactory.resolveMultipleBeans(DefaultListableBeanFactory.java:1451)
	at org.springframework.beans.factory.support.DefaultListableBeanFactory.doResolveDependency(DefaultListableBeanFactory.java:1338)
	at org.springframework.beans.factory.support.DefaultListableBeanFactory.resolveDependency(DefaultListableBeanFactory.java:1300)
	at org.springframework.beans.factory.support.ConstructorResolver.resolveAutowiredArgument(ConstructorResolver.java:887)
	at org.springframework.beans.factory.support.ConstructorResolver.createArgumentArray(ConstructorResolver.java:791)
	... 25 common frames omitted
Caused by: org.springframework.beans.factory.UnsatisfiedDependencyException: Error creating bean with name 'org.springframework.boot.autoconfigure.web.servlet.WebMvcAutoConfiguration$EnableWebMvcConfiguration': Unsatisfied dependency expressed through method 'setConfigurers' parameter 0; nested exception is org.springframework.beans.factory.BeanCreationException: Error creating bean with name 'corsConfigurer' defined in br.com.api.ApiApplication: Bean instantiation via factory method failed; nested exception is org.springframework.beans.BeanInstantiationException: Failed to instantiate [org.springframework.web.servlet.config.annotation.WebMvcConfigurer]: Factory method 'corsConfigurer' threw exception; nested exception is java.lang.NoClassDefFoundError: br/com/api/ApiApplication$1
	at org.springframework.beans.factory.annotation.AutowiredAnnotationBeanPostProcessor$AutowiredMethodElement.inject(AutowiredAnnotationBeanPostProcessor.java:722)
	at org.springframework.beans.factory.annotation.InjectionMetadata.inject(InjectionMetadata.java:119)
	at org.springframework.beans.factory.annotation.AutowiredAnnotationBeanPostProcessor.postProcessProperties(AutowiredAnnotationBeanPostProcessor.java:399)
	at org.springframework.beans.factory.support.AbstractAutowireCapableBeanFactory.populateBean(AbstractAutowireCapableBeanFactory.java:1415)
	at org.springframework.beans.factory.support.AbstractAutowireCapableBeanFactory.doCreateBean(AbstractAutowireCapableBeanFactory.java:608)
	at org.springframework.beans.factory.support.AbstractAutowireCapableBeanFactory.createBean(AbstractAutowireCapableBeanFactory.java:531)
	at org.springframework.beans.factory.support.AbstractBeanFactory.lambda$doGetBean$0(AbstractBeanFactory.java:335)
	at org.springframework.beans.factory.support.DefaultSingletonBeanRegistry.getSingleton(DefaultSingletonBeanRegistry.java:234)
	at org.springframework.beans.factory.support.AbstractBeanFactory.doGetBean(AbstractBeanFactory.java:333)
	at org.springframework.beans.factory.support.AbstractBeanFactory.getBean(AbstractBeanFactory.java:208)
	at org.springframework.beans.factory.support.ConstructorResolver.instantiateUsingFactoryMethod(ConstructorResolver.java:410)
	at org.springframework.beans.factory.support.AbstractAutowireCapableBeanFactory.instantiateUsingFactoryMethod(AbstractAutowireCapableBeanFactory.java:1336)
	at org.springframework.beans.factory.support.AbstractAutowireCapableBeanFactory.createBeanInstance(AbstractAutowireCapableBeanFactory.java:1179)
	at org.springframework.beans.factory.support.AbstractAutowireCapableBeanFactory.doCreateBean(AbstractAutowireCapableBeanFactory.java:571)
	at org.springframework.beans.factory.support.AbstractAutowireCapableBeanFactory.createBean(AbstractAutowireCapableBeanFactory.java:531)
	at org.springframework.beans.factory.support.AbstractBeanFactory.lambda$doGetBean$0(AbstractBeanFactory.java:335)
	at org.springframework.beans.factory.support.DefaultSingletonBeanRegistry.getSingleton(DefaultSingletonBeanRegistry.java:234)
	at org.springframework.beans.factory.support.AbstractBeanFactory.doGetBean(AbstractBeanFactory.java:333)
	at org.springframework.beans.factory.support.AbstractBeanFactory.getBean(AbstractBeanFactory.java:208)
	at org.springframework.beans.factory.config.DependencyDescriptor.resolveCandidate(DependencyDescriptor.java:276)
	at org.springframework.beans.factory.support.DefaultListableBeanFactory.addCandidateEntry(DefaultListableBeanFactory.java:1598)
	at org.springframework.beans.factory.support.DefaultListableBeanFactory.findAutowireCandidates(DefaultListableBeanFactory.java:1562)
	at org.springframework.beans.factory.support.DefaultListableBeanFactory.resolveMultipleBeans(DefaultListableBeanFactory.java:1451)
	at org.springframework.beans.factory.support.DefaultListableBeanFactory.doResolveDependency(DefaultListableBeanFactory.java:1338)
	at org.springframework.beans.factory.support.DefaultListableBeanFactory.resolveDependency(DefaultListableBeanFactory.java:1300)
	at org.springframework.beans.factory.support.ConstructorResolver.resolveAutowiredArgument(ConstructorResolver.java:887)
	at org.springframework.beans.factory.support.ConstructorResolver.createArgumentArray(ConstructorResolver.java:791)
	... 42 common frames omitted
Caused by: org.springframework.beans.factory.BeanCreationException: Error creating bean with name 'corsConfigurer' defined in br.com.api.ApiApplication: Bean instantiation via factory method failed; nested exception is org.springframework.beans.BeanInstantiationException: Failed to instantiate [org.springframework.web.servlet.config.annotation.WebMvcConfigurer]: Factory method 'corsConfigurer' threw exception; nested exception is java.lang.NoClassDefFoundError: br/com/api/ApiApplication$1
	at org.springframework.beans.factory.support.ConstructorResolver.instantiate(ConstructorResolver.java:658)
	at org.springframework.beans.factory.support.ConstructorResolver.instantiateUsingFactoryMethod(ConstructorResolver.java:486)
	at org.springframework.beans.factory.support.AbstractAutowireCapableBeanFactory.instantiateUsingFactoryMethod(AbstractAutowireCapableBeanFactory.java:1336)
	at org.springframework.beans.factory.support.AbstractAutowireCapableBeanFactory.createBeanInstance(AbstractAutowireCapableBeanFactory.java:1179)
	at org.springframework.beans.factory.support.AbstractAutowireCapableBeanFactory.doCreateBean(AbstractAutowireCapableBeanFactory.java:571)
	at org.springframework.beans.factory.support.AbstractAutowireCapableBeanFactory.createBean(AbstractAutowireCapableBeanFactory.java:531)
	at org.springframework.beans.factory.support.AbstractBeanFactory.lambda$doGetBean$0(AbstractBeanFactory.java:335)
	at org.springframework.beans.factory.support.DefaultSingletonBeanRegistry.getSingleton(DefaultSingletonBeanRegistry.java:234)
	at org.springframework.beans.factory.support.AbstractBeanFactory.doGetBean(AbstractBeanFactory.java:333)
	at org.springframework.beans.factory.support.AbstractBeanFactory.getBean(AbstractBeanFactory.java:208)
	at org.springframework.beans.factory.config.DependencyDescriptor.resolveCandidate(DependencyDescriptor.java:276)
	at org.springframework.beans.factory.support.DefaultListableBeanFactory.addCandidateEntry(DefaultListableBeanFactory.java:1598)
	at org.springframework.beans.factory.support.DefaultListableBeanFactory.findAutowireCandidates(DefaultListableBeanFactory.java:1562)
	at org.springframework.beans.factory.support.DefaultListableBeanFactory.resolveMultipleBeans(DefaultListableBeanFactory.java:1451)
	at org.springframework.beans.factory.support.DefaultListableBeanFactory.doResolveDependency(DefaultListableBeanFactory.java:1338)
	at org.springframework.beans.factory.support.DefaultListableBeanFactory.resolveDependency(DefaultListableBeanFactory.java:1300)
	at org.springframework.beans.factory.annotation.AutowiredAnnotationBeanPostProcessor$AutowiredMethodElement.inject(AutowiredAnnotationBeanPostProcessor.java:714)
	... 68 common frames omitted
Caused by: org.springframework.beans.BeanInstantiationException: Failed to instantiate [org.springframework.web.servlet.config.annotation.WebMvcConfigurer]: Factory method 'corsConfigurer' threw exception; nested exception is java.lang.NoClassDefFoundError: br/com/api/ApiApplication$1
	at org.springframework.beans.factory.support.SimpleInstantiationStrategy.instantiate(SimpleInstantiationStrategy.java:185)
	at org.springframework.beans.factory.support.ConstructorResolver.instantiate(ConstructorResolver.java:653)
	... 84 common frames omitted
Caused by: java.lang.NoClassDefFoundError: br/com/api/ApiApplication$1
	at br.com.api.ApiApplication.corsConfigurer(ApiApplication.java:56)
	at br.com.api.ApiApplication$$EnhancerBySpringCGLIB$$d80f4e5c.CGLIB$corsConfigurer$0(<generated>)
	at br.com.api.ApiApplication$$EnhancerBySpringCGLIB$$d80f4e5c$$FastClassBySpringCGLIB$$24767e6d.invoke(<generated>)
	at org.springframework.cglib.proxy.MethodProxy.invokeSuper(MethodProxy.java:244)
	at org.springframework.context.annotation.ConfigurationClassEnhancer$BeanMethodInterceptor.intercept(ConfigurationClassEnhancer.java:331)
	at br.com.api.ApiApplication$$EnhancerBySpringCGLIB$$d80f4e5c.corsConfigurer(<generated>)
	at java.base/jdk.internal.reflect.NativeMethodAccessorImpl.invoke0(Native Method)
	at java.base/jdk.internal.reflect.NativeMethodAccessorImpl.invoke(NativeMethodAccessorImpl.java:77)
	at java.base/jdk.internal.reflect.DelegatingMethodAccessorImpl.invoke(DelegatingMethodAccessorImpl.java:43)
	at java.base/java.lang.reflect.Method.invoke(Method.java:568)
	at org.springframework.beans.factory.support.SimpleInstantiationStrategy.instantiate(SimpleInstantiationStrategy.java:154)
	... 85 common frames omitted
Caused by: java.lang.ClassNotFoundException: br.com.api.ApiApplication$1
	at java.base/jdk.internal.loader.BuiltinClassLoader.loadClass(BuiltinClassLoader.java:641)
	at java.base/jdk.internal.loader.ClassLoaders$AppClassLoader.loadClass(ClassLoaders.java:188)
	at java.base/java.lang.ClassLoader.loadClass(ClassLoader.java:520)
	at java.base/java.lang.Class.forName0(Native Method)
	at java.base/java.lang.Class.forName(Class.java:467)
	at org.springframework.boot.devtools.restart.classloader.RestartClassLoader.loadClass(RestartClassLoader.java:144)
	at java.base/java.lang.ClassLoader.loadClass(ClassLoader.java:520)
	... 96 common frames omitted
